<?xml version="1.0" encoding="UTF-8"?>
<!-- Generated by org.testng.reporters.JUnitReportReporter -->
<testsuite hostname="Mac-mini.local" failures="0" tests="1" name="test.MultipleWindowHandles" time="8.644" errors="0" timestamp="2023-06-23T12:11:21 CDT" skipped="0">
  <testcase classname="test.MultipleWindowHandles" name="handleMultipleWindows" time="8.644"/>
  <system-out/>
</testsuite> <!-- test.MultipleWindowHandles -->
