<?xml version="1.0" encoding="UTF-8"?>
<!-- Generated by org.testng.reporters.JUnitReportReporter -->
<testsuite hostname="Mac-mini.local" failures="0" tests="1" name="test.WindowHandlers" time="4.905" errors="0" timestamp="2023-06-06T13:21:07 CDT" skipped="0">
  <testcase classname="test.WindowHandlers" name="windowHandlers" time="4.905"/>
  <system-out/>
</testsuite> <!-- test.WindowHandlers -->
